[2019-03-16 05:21:48.369] [exthost] [info] extension host started
[2019-03-16 05:21:48.504] [exthost] [info] ExtensionService#_doActivateExtension vscode.debug-auto-launch {"startup":true,"activationEvent":"*"}
[2019-03-16 05:21:48.504] [exthost] [info] ExtensionService#loadCommonJSModule /usr/share/code/resources/app/extensions/debug-auto-launch/dist/extension
[2019-03-16 05:21:48.518] [exthost] [info] ExtensionService#_doActivateExtension vscode.emmet {"startup":true,"activationEvent":"*"}
[2019-03-16 05:21:48.518] [exthost] [info] ExtensionService#loadCommonJSModule /usr/share/code/resources/app/extensions/emmet/dist/extension
[2019-03-16 05:21:48.631] [exthost] [info] ExtensionService#_doActivateExtension vscode.git {"startup":true,"activationEvent":"*"}
[2019-03-16 05:21:48.631] [exthost] [info] ExtensionService#loadCommonJSModule /usr/share/code/resources/app/extensions/git/dist/main
[2019-03-16 05:21:48.835] [exthost] [info] ExtensionService#_doActivateExtension vscode.merge-conflict {"startup":true,"activationEvent":"*"}
[2019-03-16 05:21:48.835] [exthost] [info] ExtensionService#loadCommonJSModule /usr/share/code/resources/app/extensions/merge-conflict/dist/extension
[2019-03-16 05:21:49.090] [exthost] [info] ExtensionService#_doActivateExtension esbenp.prettier-vscode {"startup":true,"activationEvent":"*"}
[2019-03-16 05:21:49.090] [exthost] [info] ExtensionService#loadCommonJSModule /home/shank/.vscode/extensions/esbenp.prettier-vscode-1.8.1/out/src/extension
[2019-03-16 05:21:51.430] [exthost] [info] ExtensionService#_doActivateExtension vscode.typescript-language-features {"startup":false,"activationEvent":"onLanguage:javascript"}
[2019-03-16 05:21:51.430] [exthost] [info] ExtensionService#loadCommonJSModule /usr/share/code/resources/app/extensions/typescript-language-features/dist/extension
[2019-03-16 05:21:51.567] [exthost] [info] eager extensions activated
[2019-03-16 05:22:32.047] [exthost] [info] ExtensionService#_doActivateExtension vscode.extension-editing {"startup":false,"activationEvent":"onLanguage:typescript"}
[2019-03-16 05:22:32.047] [exthost] [info] ExtensionService#loadCommonJSModule /usr/share/code/resources/app/extensions/extension-editing/dist/extension
[2019-03-17 13:43:43.982] [exthost] [error] [vscode.typescript-language-features] provider FAILED
[2019-03-17 13:43:44.063] [exthost] [error] {"label":"Acquiring typings...","detail":"Acquiring typings definitions for IntelliSense."}
[2019-03-17 13:43:46.032] [exthost] [error] [vscode.typescript-language-features] provider FAILED
[2019-03-17 13:43:46.032] [exthost] [error] {"label":"Acquiring typings...","detail":"Acquiring typings definitions for IntelliSense."}
[2019-03-17 13:43:50.020] [exthost] [error] [vscode.typescript-language-features] provider FAILED
[2019-03-17 13:43:50.020] [exthost] [error] {"label":"Acquiring typings...","detail":"Acquiring typings definitions for IntelliSense."}
[2019-03-17 13:43:50.552] [exthost] [error] [vscode.typescript-language-features] provider FAILED
[2019-03-17 13:43:50.552] [exthost] [error] {"label":"Acquiring typings...","detail":"Acquiring typings definitions for IntelliSense."}
[2019-03-17 13:43:50.797] [exthost] [error] [vscode.typescript-language-features] provider FAILED
[2019-03-17 13:43:50.797] [exthost] [error] {"label":"Acquiring typings...","detail":"Acquiring typings definitions for IntelliSense."}
[2019-03-17 13:43:50.968] [exthost] [error] [vscode.typescript-language-features] provider FAILED
[2019-03-17 13:43:50.968] [exthost] [error] {"label":"Acquiring typings...","detail":"Acquiring typings definitions for IntelliSense."}
[2019-03-17 20:12:27.672] [exthost] [error] [vscode.typescript-language-features] provider FAILED
[2019-03-17 20:12:27.964] [exthost] [error] Error: TypeScript Server Error (3.3.1)
Error processing request. Debug Failure. Did not expect JsxSelfClosingElement to have an Identifier in its trivia
Error: Debug Failure. Did not expect JsxSelfClosingElement to have an Identifier in its trivia
    at addSyntheticNodes (tsserver.js:117495:30)
    at createChildren (tsserver.js:117484:9)
    at NodeObject.getChildren (tsserver.js:117428:56)
    at find (tsserver.js:93965:30)
    at find (tsserver.js:93985:32)
    at find (tsserver.js:93985:32)
    at find (tsserver.js:93985:32)
    at find (tsserver.js:93985:32)
    at find (tsserver.js:93985:32)
    at find (tsserver.js:93985:32)
    at find (tsserver.js:93985:32)
    at find (tsserver.js:93985:32)
    at find (tsserver.js:93985:32)
    at find (tsserver.js:93985:32)
    at find (tsserver.js:93985:32)
    at find (tsserver.js:93985:32)
    at find (tsserver.js:93985:32)
    at Object.findPrecedingToken (tsserver.js:93958:22)
    at Object.getCompletionsAtPosition (tsserver.js:96668:35)
    at Object.getCompletionsAtPosition (tsserver.js:118482:35)
    at IOSession.Session.getCompletions (tsserver.js:126616:64)
    at Session.handlers.ts.createMapFromTemplate._a.(anonymous function) (tsserver.js:125619:61)
    at tsserver.js:127107:88
    at IOSession.Session.executeWithRequestId (tsserver.js:127098:28)
    at IOSession.Session.executeCommand (tsserver.js:127107:33)
    at IOSession.Session.onMessage (tsserver.js:127129:35)
    at Interface.<anonymous> (tsserver.js:128390:27)
    at Interface.emit (events.js:182:13)
    at Interface._onLine (readline.js:290:10)
    at Interface._normalWrite (readline.js:433:12)
    at Socket.ondata (readline.js:149:10)
    at Socket.emit (events.js:182:13)
    at addChunk (_stream_readable.js:279:12)
    at readableAddChunk (_stream_readable.js:264:11)
    at Socket.Readable.push (_stream_readable.js:219:10)
    at Pipe.onread (net.js:636:20)
	at v.dispatchResponse (/usr/share/code/resources/app/extensions/typescript-language-features/dist/extension.js:1:178103)
	at v.dispatchMessage (/usr/share/code/resources/app/extensions/typescript-language-features/dist/extension.js:1:176857)
	at constructor._reader.onData.e (/usr/share/code/resources/app/extensions/typescript-language-features/dist/extension.js:1:176213)
	at e.fire (/usr/share/code/resources/app/out/vs/workbench/services/extensions/node/extensionHostProcess.js:44:113)
	at t.Reader.onLengthData (/usr/share/code/resources/app/extensions/typescript-language-features/dist/extension.js:1:182286)
	at Socket.t.Reader.constructor.e.on.e (/usr/share/code/resources/app/extensions/typescript-language-features/dist/extension.js:1:181934)
	at Socket.emit (events.js:182:13)
	at addChunk (_stream_readable.js:279:12)
	at readableAddChunk (_stream_readable.js:264:11)
	at Socket.Readable.push (_stream_readable.js:219:10)
	at Pipe.onread (net.js:636:20)
[2019-03-17 20:12:48.718] [exthost] [error] [vscode.typescript-language-features] provider FAILED
[2019-03-17 20:12:48.718] [exthost] [error] Error: TypeScript Server Error (3.3.1)
Error processing request. Debug Failure. Did not expect JsxSelfClosingElement to have an Identifier in its trivia
Error: Debug Failure. Did not expect JsxSelfClosingElement to have an Identifier in its trivia
    at addSyntheticNodes (tsserver.js:117495:30)
    at createChildren (tsserver.js:117484:9)
    at NodeObject.getChildren (tsserver.js:117428:56)
    at find (tsserver.js:93965:30)
    at find (tsserver.js:93985:32)
    at find (tsserver.js:93985:32)
    at find (tsserver.js:93985:32)
    at find (tsserver.js:93985:32)
    at find (tsserver.js:93985:32)
    at find (tsserver.js:93985:32)
    at find (tsserver.js:93985:32)
    at find (tsserver.js:93985:32)
    at find (tsserver.js:93985:32)
    at find (tsserver.js:93985:32)
    at find (tsserver.js:93985:32)
    at find (tsserver.js:93985:32)
    at find (tsserver.js:93985:32)
    at find (tsserver.js:93985:32)
    at Object.findPrecedingToken (tsserver.js:93958:22)
    at Object.getCompletionsAtPosition (tsserver.js:96668:35)
    at Object.getCompletionsAtPosition (tsserver.js:118482:35)
    at IOSession.Session.getCompletions (tsserver.js:126616:64)
    at Session.handlers.ts.createMapFromTemplate._a.(anonymous function) (tsserver.js:125619:61)
    at tsserver.js:127107:88
    at IOSession.Session.executeWithRequestId (tsserver.js:127098:28)
    at IOSession.Session.executeCommand (tsserver.js:127107:33)
    at IOSession.Session.onMessage (tsserver.js:127129:35)
    at Interface.<anonymous> (tsserver.js:128390:27)
    at Interface.emit (events.js:182:13)
    at Interface._onLine (readline.js:290:10)
    at Interface._normalWrite (readline.js:433:12)
    at Socket.ondata (readline.js:149:10)
    at Socket.emit (events.js:182:13)
    at addChunk (_stream_readable.js:279:12)
    at readableAddChunk (_stream_readable.js:264:11)
    at Socket.Readable.push (_stream_readable.js:219:10)
    at Pipe.onread (net.js:636:20)
	at v.dispatchResponse (/usr/share/code/resources/app/extensions/typescript-language-features/dist/extension.js:1:178103)
	at v.dispatchMessage (/usr/share/code/resources/app/extensions/typescript-language-features/dist/extension.js:1:176857)
	at constructor._reader.onData.e (/usr/share/code/resources/app/extensions/typescript-language-features/dist/extension.js:1:176213)
	at e.fire (/usr/share/code/resources/app/out/vs/workbench/services/extensions/node/extensionHostProcess.js:44:113)
	at t.Reader.onLengthData (/usr/share/code/resources/app/extensions/typescript-language-features/dist/extension.js:1:182286)
	at Socket.t.Reader.constructor.e.on.e (/usr/share/code/resources/app/extensions/typescript-language-features/dist/extension.js:1:181934)
	at Socket.emit (events.js:182:13)
	at addChunk (_stream_readable.js:279:12)
	at readableAddChunk (_stream_readable.js:264:11)
	at Socket.Readable.push (_stream_readable.js:219:10)
	at Pipe.onread (net.js:636:20)
[2019-03-17 20:13:29.962] [exthost] [error] [vscode.typescript-language-features] provider FAILED
[2019-03-17 20:13:29.962] [exthost] [error] Error: TypeScript Server Error (3.3.1)
Error processing request. Debug Failure. Did not expect JsxSelfClosingElement to have an Identifier in its trivia
Error: Debug Failure. Did not expect JsxSelfClosingElement to have an Identifier in its trivia
    at addSyntheticNodes (tsserver.js:117495:30)
    at createChildren (tsserver.js:117484:9)
    at NodeObject.getChildren (tsserver.js:117428:56)
    at find (tsserver.js:93965:30)
    at find (tsserver.js:93985:32)
    at find (tsserver.js:93985:32)
    at find (tsserver.js:93985:32)
    at find (tsserver.js:93985:32)
    at find (tsserver.js:93985:32)
    at find (tsserver.js:93985:32)
    at find (tsserver.js:93985:32)
    at find (tsserver.js:93985:32)
    at find (tsserver.js:93985:32)
    at find (tsserver.js:93985:32)
    at find (tsserver.js:93985:32)
    at find (tsserver.js:93985:32)
    at find (tsserver.js:93985:32)
    at find (tsserver.js:93985:32)
    at Object.findPrecedingToken (tsserver.js:93958:22)
    at Object.getCompletionsAtPosition (tsserver.js:96668:35)
    at Object.getCompletionsAtPosition (tsserver.js:118482:35)
    at IOSession.Session.getCompletions (tsserver.js:126616:64)
    at Session.handlers.ts.createMapFromTemplate._a.(anonymous function) (tsserver.js:125619:61)
    at tsserver.js:127107:88
    at IOSession.Session.executeWithRequestId (tsserver.js:127098:28)
    at IOSession.Session.executeCommand (tsserver.js:127107:33)
    at IOSession.Session.onMessage (tsserver.js:127129:35)
    at Interface.<anonymous> (tsserver.js:128390:27)
    at Interface.emit (events.js:182:13)
    at Interface._onLine (readline.js:290:10)
    at Interface._normalWrite (readline.js:433:12)
    at Socket.ondata (readline.js:149:10)
    at Socket.emit (events.js:182:13)
    at addChunk (_stream_readable.js:279:12)
    at readableAddChunk (_stream_readable.js:264:11)
    at Socket.Readable.push (_stream_readable.js:219:10)
    at Pipe.onread (net.js:636:20)
	at v.dispatchResponse (/usr/share/code/resources/app/extensions/typescript-language-features/dist/extension.js:1:178103)
	at v.dispatchMessage (/usr/share/code/resources/app/extensions/typescript-language-features/dist/extension.js:1:176857)
	at constructor._reader.onData.e (/usr/share/code/resources/app/extensions/typescript-language-features/dist/extension.js:1:176213)
	at e.fire (/usr/share/code/resources/app/out/vs/workbench/services/extensions/node/extensionHostProcess.js:44:113)
	at t.Reader.onLengthData (/usr/share/code/resources/app/extensions/typescript-language-features/dist/extension.js:1:182286)
	at Socket.t.Reader.constructor.e.on.e (/usr/share/code/resources/app/extensions/typescript-language-features/dist/extension.js:1:181934)
	at Socket.emit (events.js:182:13)
	at addChunk (_stream_readable.js:279:12)
	at readableAddChunk (_stream_readable.js:264:11)
	at Socket.Readable.push (_stream_readable.js:219:10)
	at Pipe.onread (net.js:636:20)
[2019-03-17 20:13:30.514] [exthost] [error] [vscode.typescript-language-features] provider FAILED
[2019-03-17 20:13:30.515] [exthost] [error] Error: TypeScript Server Error (3.3.1)
Error processing request. Debug Failure. Did not expect JsxSelfClosingElement to have an Identifier in its trivia
Error: Debug Failure. Did not expect JsxSelfClosingElement to have an Identifier in its trivia
    at addSyntheticNodes (tsserver.js:117495:30)
    at createChildren (tsserver.js:117484:9)
    at NodeObject.getChildren (tsserver.js:117428:56)
    at getTokenAtPositionWorker (tsserver.js:93895:43)
    at Object.getTokenAtPosition (tsserver.js:93887:16)
    at getInfo (tsserver.js:114584:28)
    at Object.getAvailableActions (tsserver.js:114568:28)
    at tsserver.js:109632:128
    at getIterator (tsserver.js:558:23)
    at Object.flatMapIterator (tsserver.js:541:27)
    at Object.getApplicableRefactors (tsserver.js:109631:36)
    at Object.getApplicableRefactors (tsserver.js:119035:32)
    at IOSession.Session.getApplicableRefactors (tsserver.js:126888:53)
    at Session.handlers.ts.createMapFromTemplate._a.(anonymous function) (tsserver.js:125761:61)
    at tsserver.js:127107:88
    at IOSession.Session.executeWithRequestId (tsserver.js:127098:28)
    at IOSession.Session.executeCommand (tsserver.js:127107:33)
    at IOSession.Session.onMessage (tsserver.js:127129:35)
    at Interface.<anonymous> (tsserver.js:128390:27)
    at Interface.emit (events.js:182:13)
    at Interface._onLine (readline.js:290:10)
    at Interface._normalWrite (readline.js:433:12)
    at Socket.ondata (readline.js:149:10)
    at Socket.emit (events.js:182:13)
    at addChunk (_stream_readable.js:279:12)
    at readableAddChunk (_stream_readable.js:264:11)
    at Socket.Readable.push (_stream_readable.js:219:10)
    at Pipe.onread (net.js:636:20)
	at v.dispatchResponse (/usr/share/code/resources/app/extensions/typescript-language-features/dist/extension.js:1:178103)
	at v.dispatchMessage (/usr/share/code/resources/app/extensions/typescript-language-features/dist/extension.js:1:176857)
	at constructor._reader.onData.e (/usr/share/code/resources/app/extensions/typescript-language-features/dist/extension.js:1:176213)
	at e.fire (/usr/share/code/resources/app/out/vs/workbench/services/extensions/node/extensionHostProcess.js:44:113)
	at t.Reader.onLengthData (/usr/share/code/resources/app/extensions/typescript-language-features/dist/extension.js:1:182286)
	at Socket.t.Reader.constructor.e.on.e (/usr/share/code/resources/app/extensions/typescript-language-features/dist/extension.js:1:181934)
	at Socket.emit (events.js:182:13)
	at addChunk (_stream_readable.js:279:12)
	at readableAddChunk (_stream_readable.js:264:11)
	at Socket.Readable.push (_stream_readable.js:219:10)
	at Pipe.onread (net.js:636:20)
[2019-03-17 20:14:32.761] [exthost] [error] [vscode.typescript-language-features] provider FAILED
[2019-03-17 20:14:32.762] [exthost] [error] Error: TypeScript Server Error (3.3.1)
Error processing request. Debug Failure. Did not expect JsxSelfClosingElement to have an Identifier in its trivia
Error: Debug Failure. Did not expect JsxSelfClosingElement to have an Identifier in its trivia
    at addSyntheticNodes (tsserver.js:117495:30)
    at createChildren (tsserver.js:117484:9)
    at NodeObject.getChildren (tsserver.js:117428:56)
    at find (tsserver.js:93965:30)
    at find (tsserver.js:93985:32)
    at find (tsserver.js:93985:32)
    at find (tsserver.js:93985:32)
    at find (tsserver.js:93985:32)
    at find (tsserver.js:93985:32)
    at find (tsserver.js:93985:32)
    at find (tsserver.js:93985:32)
    at find (tsserver.js:93985:32)
    at find (tsserver.js:93985:32)
    at find (tsserver.js:93985:32)
    at find (tsserver.js:93985:32)
    at find (tsserver.js:93985:32)
    at find (tsserver.js:93985:32)
    at find (tsserver.js:93985:32)
    at Object.findPrecedingToken (tsserver.js:93958:22)
    at Object.getCompletionsAtPosition (tsserver.js:96668:35)
    at Object.getCompletionsAtPosition (tsserver.js:118482:35)
    at IOSession.Session.getCompletions (tsserver.js:126616:64)
    at Session.handlers.ts.createMapFromTemplate._a.(anonymous function) (tsserver.js:125619:61)
    at tsserver.js:127107:88
    at IOSession.Session.executeWithRequestId (tsserver.js:127098:28)
    at IOSession.Session.executeCommand (tsserver.js:127107:33)
    at IOSession.Session.onMessage (tsserver.js:127129:35)
    at Interface.<anonymous> (tsserver.js:128390:27)
    at Interface.emit (events.js:182:13)
    at Interface._onLine (readline.js:290:10)
    at Interface._normalWrite (readline.js:433:12)
    at Socket.ondata (readline.js:149:10)
    at Socket.emit (events.js:182:13)
    at addChunk (_stream_readable.js:279:12)
    at readableAddChunk (_stream_readable.js:264:11)
    at Socket.Readable.push (_stream_readable.js:219:10)
    at Pipe.onread (net.js:636:20)
	at v.dispatchResponse (/usr/share/code/resources/app/extensions/typescript-language-features/dist/extension.js:1:178103)
	at v.dispatchMessage (/usr/share/code/resources/app/extensions/typescript-language-features/dist/extension.js:1:176857)
	at constructor._reader.onData.e (/usr/share/code/resources/app/extensions/typescript-language-features/dist/extension.js:1:176213)
	at e.fire (/usr/share/code/resources/app/out/vs/workbench/services/extensions/node/extensionHostProcess.js:44:113)
	at t.Reader.onLengthData (/usr/share/code/resources/app/extensions/typescript-language-features/dist/extension.js:1:182286)
	at Socket.t.Reader.constructor.e.on.e (/usr/share/code/resources/app/extensions/typescript-language-features/dist/extension.js:1:181934)
	at Socket.emit (events.js:182:13)
	at addChunk (_stream_readable.js:279:12)
	at readableAddChunk (_stream_readable.js:264:11)
	at Socket.Readable.push (_stream_readable.js:219:10)
	at Pipe.onread (net.js:636:20)
[2019-03-17 20:14:33.011] [exthost] [error] [vscode.typescript-language-features] provider FAILED
[2019-03-17 20:14:33.011] [exthost] [error] Error: TypeScript Server Error (3.3.1)
Error processing request. Debug Failure. Did not expect JsxSelfClosingElement to have an Identifier in its trivia
Error: Debug Failure. Did not expect JsxSelfClosingElement to have an Identifier in its trivia
    at addSyntheticNodes (tsserver.js:117495:30)
    at createChildren (tsserver.js:117484:9)
    at NodeObject.getChildren (tsserver.js:117428:56)
    at getTokenAtPositionWorker (tsserver.js:93895:43)
    at Object.getTokenAtPosition (tsserver.js:93887:16)
    at getInfo (tsserver.js:114584:28)
    at Object.getAvailableActions (tsserver.js:114568:28)
    at tsserver.js:109632:128
    at getIterator (tsserver.js:558:23)
    at Object.flatMapIterator (tsserver.js:541:27)
    at Object.getApplicableRefactors (tsserver.js:109631:36)
    at Object.getApplicableRefactors (tsserver.js:119035:32)
    at IOSession.Session.getApplicableRefactors (tsserver.js:126888:53)
    at Session.handlers.ts.createMapFromTemplate._a.(anonymous function) (tsserver.js:125761:61)
    at tsserver.js:127107:88
    at IOSession.Session.executeWithRequestId (tsserver.js:127098:28)
    at IOSession.Session.executeCommand (tsserver.js:127107:33)
    at IOSession.Session.onMessage (tsserver.js:127129:35)
    at Interface.<anonymous> (tsserver.js:128390:27)
    at Interface.emit (events.js:182:13)
    at Interface._onLine (readline.js:290:10)
    at Interface._normalWrite (readline.js:433:12)
    at Socket.ondata (readline.js:149:10)
    at Socket.emit (events.js:182:13)
    at addChunk (_stream_readable.js:279:12)
    at readableAddChunk (_stream_readable.js:264:11)
    at Socket.Readable.push (_stream_readable.js:219:10)
    at Pipe.onread (net.js:636:20)
	at v.dispatchResponse (/usr/share/code/resources/app/extensions/typescript-language-features/dist/extension.js:1:178103)
	at v.dispatchMessage (/usr/share/code/resources/app/extensions/typescript-language-features/dist/extension.js:1:176857)
	at constructor._reader.onData.e (/usr/share/code/resources/app/extensions/typescript-language-features/dist/extension.js:1:176213)
	at e.fire (/usr/share/code/resources/app/out/vs/workbench/services/extensions/node/extensionHostProcess.js:44:113)
	at t.Reader.onLengthData (/usr/share/code/resources/app/extensions/typescript-language-features/dist/extension.js:1:182286)
	at Socket.t.Reader.constructor.e.on.e (/usr/share/code/resources/app/extensions/typescript-language-features/dist/extension.js:1:181934)
	at Socket.emit (events.js:182:13)
	at addChunk (_stream_readable.js:279:12)
	at readableAddChunk (_stream_readable.js:264:11)
	at Socket.Readable.push (_stream_readable.js:219:10)
	at Pipe.onread (net.js:636:20)
[2019-03-17 21:54:49.857] [exthost] [info] ExtensionService#_doActivateExtension vscode.configuration-editing {"startup":false,"activationEvent":"onLanguage:jsonc"}
[2019-03-17 21:54:49.858] [exthost] [info] ExtensionService#loadCommonJSModule /usr/share/code/resources/app/extensions/configuration-editing/dist/extension
[2019-03-17 21:54:50.840] [exthost] [info] ExtensionService#_doActivateExtension vscode.json-language-features {"startup":false,"activationEvent":"onLanguage:jsonc"}
[2019-03-17 21:54:50.841] [exthost] [info] ExtensionService#loadCommonJSModule /usr/share/code/resources/app/extensions/json-language-features/client/dist/jsonMain
[2019-03-17 22:35:13.783] [exthost] [info] ExtensionService#_doActivateExtension vscode.css-language-features {"startup":false,"activationEvent":"onLanguage:css"}
[2019-03-17 22:35:13.784] [exthost] [info] ExtensionService#loadCommonJSModule /usr/share/code/resources/app/extensions/css-language-features/client/dist/cssMain
[2019-03-17 23:12:16.940] [exthost] [error] [vscode.typescript-language-features] provider FAILED
[2019-03-17 23:12:17.013] [exthost] [error] Error: TypeScript Server Error (3.3.1)
Error processing request. Debug Failure. Did not expect JsxSelfClosingElement to have an Identifier in its trivia
Error: Debug Failure. Did not expect JsxSelfClosingElement to have an Identifier in its trivia
    at addSyntheticNodes (tsserver.js:117495:30)
    at createChildren (tsserver.js:117484:9)
    at NodeObject.getChildren (tsserver.js:117428:56)
    at findRightmostToken (tsserver.js:94006:26)
    at find (tsserver.js:93981:47)
    at find (tsserver.js:93985:32)
    at find (tsserver.js:93985:32)
    at find (tsserver.js:93985:32)
    at find (tsserver.js:93985:32)
    at find (tsserver.js:93985:32)
    at find (tsserver.js:93985:32)
    at find (tsserver.js:93985:32)
    at find (tsserver.js:93985:32)
    at find (tsserver.js:93985:32)
    at find (tsserver.js:93985:32)
    at find (tsserver.js:93985:32)
    at find (tsserver.js:93985:32)
    at find (tsserver.js:93985:32)
    at find (tsserver.js:93985:32)
    at find (tsserver.js:93985:32)
    at find (tsserver.js:93985:32)
    at Object.findPrecedingToken (tsserver.js:93958:22)
    at Object.getCompletionsAtPosition (tsserver.js:96668:35)
    at Object.getCompletionsAtPosition (tsserver.js:118482:35)
    at IOSession.Session.getCompletions (tsserver.js:126616:64)
    at Session.handlers.ts.createMapFromTemplate._a.(anonymous function) (tsserver.js:125619:61)
    at tsserver.js:127107:88
    at IOSession.Session.executeWithRequestId (tsserver.js:127098:28)
    at IOSession.Session.executeCommand (tsserver.js:127107:33)
    at IOSession.Session.onMessage (tsserver.js:127129:35)
    at Interface.<anonymous> (tsserver.js:128390:27)
    at Interface.emit (events.js:182:13)
    at Interface._onLine (readline.js:290:10)
    at Interface._normalWrite (readline.js:433:12)
    at Socket.ondata (readline.js:149:10)
    at Socket.emit (events.js:182:13)
    at addChunk (_stream_readable.js:279:12)
    at readableAddChunk (_stream_readable.js:264:11)
    at Socket.Readable.push (_stream_readable.js:219:10)
    at Pipe.onread (net.js:636:20)
	at v.dispatchResponse (/usr/share/code/resources/app/extensions/typescript-language-features/dist/extension.js:1:178103)
	at v.dispatchMessage (/usr/share/code/resources/app/extensions/typescript-language-features/dist/extension.js:1:176857)
	at constructor._reader.onData.e (/usr/share/code/resources/app/extensions/typescript-language-features/dist/extension.js:1:176213)
	at e.fire (/usr/share/code/resources/app/out/vs/workbench/services/extensions/node/extensionHostProcess.js:44:113)
	at t.Reader.onLengthData (/usr/share/code/resources/app/extensions/typescript-language-features/dist/extension.js:1:182286)
	at Socket.t.Reader.constructor.e.on.e (/usr/share/code/resources/app/extensions/typescript-language-features/dist/extension.js:1:181934)
	at Socket.emit (events.js:182:13)
	at addChunk (_stream_readable.js:279:12)
	at readableAddChunk (_stream_readable.js:264:11)
	at Socket.Readable.push (_stream_readable.js:219:10)
	at Pipe.onread (net.js:636:20)
[2019-03-17 23:12:17.825] [exthost] [error] [vscode.typescript-language-features] provider FAILED
[2019-03-17 23:12:17.825] [exthost] [error] Error: TypeScript Server Error (3.3.1)
Error processing request. Debug Failure. Did not expect JsxSelfClosingElement to have an Identifier in its trivia
Error: Debug Failure. Did not expect JsxSelfClosingElement to have an Identifier in its trivia
    at addSyntheticNodes (tsserver.js:117495:30)
    at createChildren (tsserver.js:117484:9)
    at NodeObject.getChildren (tsserver.js:117428:56)
    at getTokenAtPositionWorker (tsserver.js:93895:43)
    at getTouchingToken (tsserver.js:93882:16)
    at Object.getTouchingPropertyName (tsserver.js:93874:16)
    at Object.getDocumentHighlights (tsserver.js:98403:27)
    at Object.getDocumentHighlights (tsserver.js:118577:42)
    at IOSession.Session.getDocumentHighlights (tsserver.js:126283:71)
    at Session.handlers.ts.createMapFromTemplate._a.(anonymous function) (tsserver.js:125723:61)
    at tsserver.js:127107:88
    at IOSession.Session.executeWithRequestId (tsserver.js:127098:28)
    at IOSession.Session.executeCommand (tsserver.js:127107:33)
    at IOSession.Session.onMessage (tsserver.js:127129:35)
    at Interface.<anonymous> (tsserver.js:128390:27)
    at Interface.emit (events.js:182:13)
    at Interface._onLine (readline.js:290:10)
    at Interface._normalWrite (readline.js:433:12)
    at Socket.ondata (readline.js:149:10)
    at Socket.emit (events.js:182:13)
    at addChunk (_stream_readable.js:279:12)
    at readableAddChunk (_stream_readable.js:264:11)
    at Socket.Readable.push (_stream_readable.js:219:10)
    at Pipe.onread (net.js:636:20)
	at v.dispatchResponse (/usr/share/code/resources/app/extensions/typescript-language-features/dist/extension.js:1:178103)
	at v.dispatchMessage (/usr/share/code/resources/app/extensions/typescript-language-features/dist/extension.js:1:176857)
	at constructor._reader.onData.e (/usr/share/code/resources/app/extensions/typescript-language-features/dist/extension.js:1:176213)
	at e.fire (/usr/share/code/resources/app/out/vs/workbench/services/extensions/node/extensionHostProcess.js:44:113)
	at t.Reader.onLengthData (/usr/share/code/resources/app/extensions/typescript-language-features/dist/extension.js:1:182286)
	at Socket.t.Reader.constructor.e.on.e (/usr/share/code/resources/app/extensions/typescript-language-features/dist/extension.js:1:181934)
	at Socket.emit (events.js:182:13)
	at addChunk (_stream_readable.js:279:12)
	at readableAddChunk (_stream_readable.js:264:11)
	at Socket.Readable.push (_stream_readable.js:219:10)
	at Pipe.onread (net.js:636:20)
[2019-03-17 23:12:18.043] [exthost] [error] [vscode.typescript-language-features] provider FAILED
[2019-03-17 23:12:18.044] [exthost] [error] Error: TypeScript Server Error (3.3.1)
Error processing request. Debug Failure. Did not expect JsxSelfClosingElement to have an Identifier in its trivia
Error: Debug Failure. Did not expect JsxSelfClosingElement to have an Identifier in its trivia
    at addSyntheticNodes (tsserver.js:117495:30)
    at createChildren (tsserver.js:117484:9)
    at NodeObject.getChildren (tsserver.js:117428:56)
    at getTokenAtPositionWorker (tsserver.js:93895:43)
    at Object.getTokenAtPosition (tsserver.js:93887:16)
    at getInfo (tsserver.js:114584:28)
    at Object.getAvailableActions (tsserver.js:114568:28)
    at tsserver.js:109632:128
    at getIterator (tsserver.js:558:23)
    at Object.flatMapIterator (tsserver.js:541:27)
    at Object.getApplicableRefactors (tsserver.js:109631:36)
    at Object.getApplicableRefactors (tsserver.js:119035:32)
    at IOSession.Session.getApplicableRefactors (tsserver.js:126888:53)
    at Session.handlers.ts.createMapFromTemplate._a.(anonymous function) (tsserver.js:125761:61)
    at tsserver.js:127107:88
    at IOSession.Session.executeWithRequestId (tsserver.js:127098:28)
    at IOSession.Session.executeCommand (tsserver.js:127107:33)
    at IOSession.Session.onMessage (tsserver.js:127129:35)
    at Interface.<anonymous> (tsserver.js:128390:27)
    at Interface.emit (events.js:182:13)
    at Interface._onLine (readline.js:290:10)
    at Interface._normalWrite (readline.js:433:12)
    at Socket.ondata (readline.js:149:10)
    at Socket.emit (events.js:182:13)
    at addChunk (_stream_readable.js:279:12)
    at readableAddChunk (_stream_readable.js:264:11)
    at Socket.Readable.push (_stream_readable.js:219:10)
    at Pipe.onread (net.js:636:20)
	at v.dispatchResponse (/usr/share/code/resources/app/extensions/typescript-language-features/dist/extension.js:1:178103)
	at v.dispatchMessage (/usr/share/code/resources/app/extensions/typescript-language-features/dist/extension.js:1:176857)
	at constructor._reader.onData.e (/usr/share/code/resources/app/extensions/typescript-language-features/dist/extension.js:1:176213)
	at e.fire (/usr/share/code/resources/app/out/vs/workbench/services/extensions/node/extensionHostProcess.js:44:113)
	at t.Reader.onLengthData (/usr/share/code/resources/app/extensions/typescript-language-features/dist/extension.js:1:182286)
	at Socket.t.Reader.constructor.e.on.e (/usr/share/code/resources/app/extensions/typescript-language-features/dist/extension.js:1:181934)
	at Socket.emit (events.js:182:13)
	at addChunk (_stream_readable.js:279:12)
	at readableAddChunk (_stream_readable.js:264:11)
	at Socket.Readable.push (_stream_readable.js:219:10)
	at Pipe.onread (net.js:636:20)
