[2019-03-15 00:37:37.494] [exthost] [info] extension host started
[2019-03-15 00:37:37.545] [exthost] [info] ExtensionService#_doActivateExtension vscode.debug-auto-launch {"startup":true,"activationEvent":"*"}
[2019-03-15 00:37:37.545] [exthost] [info] ExtensionService#loadCommonJSModule /usr/share/code/resources/app/extensions/debug-auto-launch/dist/extension
[2019-03-15 00:37:37.550] [exthost] [info] ExtensionService#_doActivateExtension vscode.emmet {"startup":true,"activationEvent":"*"}
[2019-03-15 00:37:37.550] [exthost] [info] ExtensionService#loadCommonJSModule /usr/share/code/resources/app/extensions/emmet/dist/extension
[2019-03-15 00:37:37.639] [exthost] [info] ExtensionService#_doActivateExtension vscode.git {"startup":true,"activationEvent":"*"}
[2019-03-15 00:37:37.639] [exthost] [info] ExtensionService#loadCommonJSModule /usr/share/code/resources/app/extensions/git/dist/main
[2019-03-15 00:37:37.785] [exthost] [info] ExtensionService#_doActivateExtension vscode.merge-conflict {"startup":true,"activationEvent":"*"}
[2019-03-15 00:37:37.785] [exthost] [info] ExtensionService#loadCommonJSModule /usr/share/code/resources/app/extensions/merge-conflict/dist/extension
[2019-03-15 00:37:37.806] [exthost] [info] ExtensionService#_doActivateExtension esbenp.prettier-vscode {"startup":true,"activationEvent":"*"}
[2019-03-15 00:37:37.806] [exthost] [info] ExtensionService#loadCommonJSModule /home/shank/.vscode/extensions/esbenp.prettier-vscode-1.8.1/out/src/extension
[2019-03-15 00:37:40.646] [exthost] [info] ExtensionService#_doActivateExtension vscode.typescript-language-features {"startup":false,"activationEvent":"onLanguage:javascript"}
[2019-03-15 00:37:40.646] [exthost] [info] ExtensionService#loadCommonJSModule /usr/share/code/resources/app/extensions/typescript-language-features/dist/extension
[2019-03-15 00:37:40.824] [exthost] [info] eager extensions activated
[2019-03-15 00:51:25.828] [exthost] [info] ExtensionService#_doActivateExtension vscode.configuration-editing {"startup":false,"activationEvent":"onLanguage:jsonc"}
[2019-03-15 00:51:25.828] [exthost] [info] ExtensionService#loadCommonJSModule /usr/share/code/resources/app/extensions/configuration-editing/dist/extension
[2019-03-15 00:51:25.970] [exthost] [info] ExtensionService#_doActivateExtension vscode.json-language-features {"startup":false,"activationEvent":"onLanguage:jsonc"}
[2019-03-15 00:51:25.970] [exthost] [info] ExtensionService#loadCommonJSModule /usr/share/code/resources/app/extensions/json-language-features/client/dist/jsonMain
[2019-03-15 00:54:21.489] [exthost] [info] ExtensionService#_doActivateExtension vscode.extension-editing {"startup":false,"activationEvent":"onLanguage:json"}
[2019-03-15 00:54:21.490] [exthost] [info] ExtensionService#loadCommonJSModule /usr/share/code/resources/app/extensions/extension-editing/dist/extension
[2019-03-15 00:54:21.630] [exthost] [info] ExtensionService#_doActivateExtension vscode.npm {"startup":false,"activationEvent":"onLanguage:json"}
[2019-03-15 00:54:21.630] [exthost] [info] ExtensionService#loadCommonJSModule /usr/share/code/resources/app/extensions/npm/dist/main
[2019-03-16 02:55:25.934] [exthost] [error] [vscode.typescript-language-features] provider FAILED
[2019-03-16 02:55:26.131] [exthost] [error] Error: TypeScript Server Error (3.3.1)
Error processing request. Debug Failure. Did not expect JsxSelfClosingElement to have an Identifier in its trivia
Error: Debug Failure. Did not expect JsxSelfClosingElement to have an Identifier in its trivia
    at addSyntheticNodes (tsserver.js:117495:30)
    at createChildren (tsserver.js:117484:9)
    at NodeObject.getChildren (tsserver.js:117428:56)
    at findRightmostToken (tsserver.js:94006:26)
    at find (tsserver.js:93981:47)
    at find (tsserver.js:93985:32)
    at find (tsserver.js:93985:32)
    at find (tsserver.js:93985:32)
    at find (tsserver.js:93985:32)
    at find (tsserver.js:93985:32)
    at find (tsserver.js:93985:32)
    at find (tsserver.js:93985:32)
    at find (tsserver.js:93985:32)
    at find (tsserver.js:93985:32)
    at find (tsserver.js:93985:32)
    at find (tsserver.js:93985:32)
    at find (tsserver.js:93985:32)
    at find (tsserver.js:93985:32)
    at find (tsserver.js:93985:32)
    at find (tsserver.js:93985:32)
    at find (tsserver.js:93985:32)
    at Object.findPrecedingToken (tsserver.js:93958:22)
    at Object.getCompletionsAtPosition (tsserver.js:96668:35)
    at Object.getCompletionsAtPosition (tsserver.js:118482:35)
    at IOSession.Session.getCompletions (tsserver.js:126616:64)
    at Session.handlers.ts.createMapFromTemplate._a.(anonymous function) (tsserver.js:125619:61)
    at tsserver.js:127107:88
    at IOSession.Session.executeWithRequestId (tsserver.js:127098:28)
    at IOSession.Session.executeCommand (tsserver.js:127107:33)
    at IOSession.Session.onMessage (tsserver.js:127129:35)
    at Interface.<anonymous> (tsserver.js:128390:27)
    at Interface.emit (events.js:182:13)
    at Interface._onLine (readline.js:290:10)
    at Interface._normalWrite (readline.js:433:12)
    at Socket.ondata (readline.js:149:10)
    at Socket.emit (events.js:182:13)
    at addChunk (_stream_readable.js:279:12)
    at readableAddChunk (_stream_readable.js:264:11)
    at Socket.Readable.push (_stream_readable.js:219:10)
    at Pipe.onread (net.js:636:20)
	at v.dispatchResponse (/usr/share/code/resources/app/extensions/typescript-language-features/dist/extension.js:1:178103)
	at v.dispatchMessage (/usr/share/code/resources/app/extensions/typescript-language-features/dist/extension.js:1:176857)
	at constructor._reader.onData.e (/usr/share/code/resources/app/extensions/typescript-language-features/dist/extension.js:1:176213)
	at e.fire (/usr/share/code/resources/app/out/vs/workbench/services/extensions/node/extensionHostProcess.js:44:113)
	at t.Reader.onLengthData (/usr/share/code/resources/app/extensions/typescript-language-features/dist/extension.js:1:182286)
	at Socket.t.Reader.constructor.e.on.e (/usr/share/code/resources/app/extensions/typescript-language-features/dist/extension.js:1:181934)
	at Socket.emit (events.js:182:13)
	at addChunk (_stream_readable.js:279:12)
	at readableAddChunk (_stream_readable.js:264:11)
	at Socket.Readable.push (_stream_readable.js:219:10)
	at Pipe.onread (net.js:636:20)
