[2019-03-12 13:12:41.793] [sharedprocess] [info] main {"machineId":"e5a014c455be4d04cac5f495093423165274e327e42ca0c9ab11f8f63efe1198"}
[2019-03-12 13:12:42.084] [sharedprocess] [info] Scanned user extensions: 1
[2019-03-12 13:12:42.102] [sharedprocess] [info] Scanned user extensions: 1
[2019-03-12 13:12:42.102] [sharedprocess] [info] Scanned user extensions: 1
[2019-03-12 13:12:42.280] [sharedprocess] [info] Scanned system extensions: 71
[2019-03-12 13:12:42.285] [sharedprocess] [info] Scanned system extensions: 71
[2019-03-12 13:12:42.289] [sharedprocess] [info] Scanned system extensions: 71
[2019-03-12 13:12:43.730] [sharedprocess] [info] Scanned user extensions: 1
[2019-03-12 13:13:21.816] [sharedprocess] [info] Starting to clean up unused language packs.
[2019-03-12 13:17:44.006] [sharedprocess] [info] Scanned user extensions: 1
[2019-03-12 13:22:44.025] [sharedprocess] [info] Scanned user extensions: 1
[2019-03-12 13:27:44.041] [sharedprocess] [info] Scanned user extensions: 1
[2019-03-12 13:32:44.059] [sharedprocess] [info] Scanned user extensions: 1
[2019-03-12 13:37:44.073] [sharedprocess] [info] Scanned user extensions: 1
[2019-03-12 13:42:44.092] [sharedprocess] [info] Scanned user extensions: 1
[2019-03-12 13:47:44.244] [sharedprocess] [info] Scanned user extensions: 1
[2019-03-12 13:52:44.263] [sharedprocess] [info] Scanned user extensions: 1
[2019-03-12 13:57:44.886] [sharedprocess] [info] Scanned user extensions: 1
[2019-03-12 14:02:46.681] [sharedprocess] [info] Scanned user extensions: 1
[2019-03-12 16:18:36.708] [sharedprocess] [info] Scanned user extensions: 1
[2019-03-12 16:23:46.385] [sharedprocess] [info] Scanned user extensions: 1
[2019-03-12 16:28:46.984] [sharedprocess] [info] Scanned user extensions: 1
[2019-03-12 16:33:47.037] [sharedprocess] [info] Scanned user extensions: 1
[2019-03-12 16:38:47.097] [sharedprocess] [info] Scanned user extensions: 1
[2019-03-12 16:43:47.213] [sharedprocess] [info] Scanned user extensions: 1
[2019-03-12 16:48:47.223] [sharedprocess] [info] Scanned user extensions: 1
[2019-03-12 16:53:47.238] [sharedprocess] [info] Scanned user extensions: 1
[2019-03-12 16:58:47.260] [sharedprocess] [info] Scanned user extensions: 1
[2019-03-12 17:03:47.285] [sharedprocess] [info] Scanned user extensions: 1
[2019-03-12 17:08:47.310] [sharedprocess] [info] Scanned user extensions: 1
[2019-03-12 17:13:47.322] [sharedprocess] [info] Scanned user extensions: 1
[2019-03-12 17:18:48.718] [sharedprocess] [info] Scanned user extensions: 1
[2019-03-12 17:23:48.840] [sharedprocess] [info] Scanned user extensions: 1
[2019-03-12 17:28:48.870] [sharedprocess] [info] Scanned user extensions: 1
[2019-03-12 17:33:48.907] [sharedprocess] [info] Scanned user extensions: 1
[2019-03-12 17:38:48.947] [sharedprocess] [info] Scanned user extensions: 1
[2019-03-12 17:43:48.967] [sharedprocess] [info] Scanned user extensions: 1
[2019-03-12 17:48:49.038] [sharedprocess] [info] Scanned user extensions: 1
[2019-03-12 17:53:49.044] [sharedprocess] [info] Scanned user extensions: 1
[2019-03-12 17:58:49.820] [sharedprocess] [info] Scanned user extensions: 1
[2019-03-12 18:03:49.868] [sharedprocess] [info] Scanned user extensions: 1
[2019-03-12 18:08:49.879] [sharedprocess] [info] Scanned user extensions: 1
[2019-03-12 18:13:50.901] [sharedprocess] [info] Scanned user extensions: 1
[2019-03-12 18:18:52.466] [sharedprocess] [info] Scanned user extensions: 1
[2019-03-12 18:23:52.494] [sharedprocess] [info] Scanned user extensions: 1
[2019-03-12 18:28:52.548] [sharedprocess] [info] Scanned user extensions: 1
[2019-03-12 18:33:52.658] [sharedprocess] [info] Scanned user extensions: 1
[2019-03-12 18:38:52.672] [sharedprocess] [info] Scanned user extensions: 1
[2019-03-12 18:43:52.685] [sharedprocess] [info] Scanned user extensions: 1
[2019-03-12 19:36:43.662] [sharedprocess] [info] Scanned user extensions: 1
[2019-03-12 19:41:43.781] [sharedprocess] [info] Scanned user extensions: 1
[2019-03-12 19:46:43.806] [sharedprocess] [info] Scanned user extensions: 1
[2019-03-12 19:51:43.819] [sharedprocess] [info] Scanned user extensions: 1
[2019-03-12 19:56:43.930] [sharedprocess] [info] Scanned user extensions: 1
[2019-03-12 20:01:43.952] [sharedprocess] [info] Scanned user extensions: 1
[2019-03-12 20:06:44.134] [sharedprocess] [info] Scanned user extensions: 1
[2019-03-12 20:11:44.153] [sharedprocess] [info] Scanned user extensions: 1
[2019-03-12 20:16:44.171] [sharedprocess] [info] Scanned user extensions: 1
[2019-03-13 11:32:15.652] [sharedprocess] [info] Scanned user extensions: 1
[2019-03-13 11:37:17.887] [sharedprocess] [info] Scanned user extensions: 1
[2019-03-13 11:42:17.904] [sharedprocess] [info] Scanned user extensions: 1
[2019-03-13 11:47:17.972] [sharedprocess] [info] Scanned user extensions: 1
[2019-03-13 11:52:17.990] [sharedprocess] [info] Scanned user extensions: 1
[2019-03-13 11:57:18.019] [sharedprocess] [info] Scanned user extensions: 1
[2019-03-13 12:02:18.033] [sharedprocess] [info] Scanned user extensions: 1
[2019-03-13 12:07:19.661] [sharedprocess] [info] Scanned user extensions: 1
[2019-03-13 12:12:20.239] [sharedprocess] [info] Scanned user extensions: 1
[2019-03-13 12:17:20.252] [sharedprocess] [info] Scanned user extensions: 1
[2019-03-13 12:22:20.368] [sharedprocess] [info] Scanned user extensions: 1
[2019-03-13 12:27:20.386] [sharedprocess] [info] Scanned user extensions: 1
[2019-03-13 12:32:21.230] [sharedprocess] [info] Scanned user extensions: 1
[2019-03-13 12:37:21.436] [sharedprocess] [info] Scanned user extensions: 1
[2019-03-13 12:42:21.567] [sharedprocess] [info] Scanned user extensions: 1
[2019-03-13 12:47:21.579] [sharedprocess] [info] Scanned user extensions: 1
[2019-03-13 12:52:21.607] [sharedprocess] [info] Scanned user extensions: 1
[2019-03-13 12:57:21.724] [sharedprocess] [info] Scanned user extensions: 1
[2019-03-13 13:02:21.849] [sharedprocess] [info] Scanned user extensions: 1
[2019-03-13 13:07:21.871] [sharedprocess] [info] Scanned user extensions: 1
[2019-03-13 13:12:22.022] [sharedprocess] [info] Scanned user extensions: 1
[2019-03-13 13:17:22.071] [sharedprocess] [info] Scanned user extensions: 1
[2019-03-13 13:22:22.090] [sharedprocess] [info] Scanned user extensions: 1
[2019-03-13 13:27:23.758] [sharedprocess] [info] Scanned user extensions: 1
[2019-03-13 13:32:24.473] [sharedprocess] [info] Scanned user extensions: 1
[2019-03-13 13:37:24.512] [sharedprocess] [info] Scanned user extensions: 1
[2019-03-13 13:42:24.619] [sharedprocess] [info] Scanned user extensions: 1
[2019-03-13 13:47:25.795] [sharedprocess] [info] Scanned user extensions: 1
[2019-03-13 13:52:25.827] [sharedprocess] [info] Scanned user extensions: 1
[2019-03-13 13:57:25.931] [sharedprocess] [info] Scanned user extensions: 1
[2019-03-13 14:02:25.955] [sharedprocess] [info] Scanned user extensions: 1
[2019-03-13 14:07:25.972] [sharedprocess] [info] Scanned user extensions: 1
[2019-03-13 14:12:26.013] [sharedprocess] [info] Scanned user extensions: 1
[2019-03-13 14:17:26.047] [sharedprocess] [info] Scanned user extensions: 1
[2019-03-13 16:01:55.374] [sharedprocess] [info] Scanned user extensions: 1
[2019-03-13 16:06:55.395] [sharedprocess] [info] Scanned user extensions: 1
[2019-03-13 16:11:55.456] [sharedprocess] [info] Scanned user extensions: 1
[2019-03-13 16:16:55.475] [sharedprocess] [info] Scanned user extensions: 1
[2019-03-13 16:21:55.685] [sharedprocess] [info] Scanned user extensions: 1
[2019-03-13 16:26:55.699] [sharedprocess] [info] Scanned user extensions: 1
[2019-03-13 16:31:55.720] [sharedprocess] [info] Scanned user extensions: 1
[2019-03-13 16:36:55.767] [sharedprocess] [info] Scanned user extensions: 1
[2019-03-13 16:41:55.784] [sharedprocess] [info] Scanned user extensions: 1
[2019-03-13 16:46:56.786] [sharedprocess] [info] Scanned user extensions: 1
[2019-03-13 16:51:56.806] [sharedprocess] [info] Scanned user extensions: 1
[2019-03-13 16:56:56.823] [sharedprocess] [info] Scanned user extensions: 1
[2019-03-13 17:01:58.825] [sharedprocess] [info] Scanned user extensions: 1
[2019-03-13 17:06:58.843] [sharedprocess] [info] Scanned user extensions: 1
[2019-03-13 17:11:58.861] [sharedprocess] [info] Scanned user extensions: 1
[2019-03-13 17:16:58.879] [sharedprocess] [info] Scanned user extensions: 1
[2019-03-13 17:21:58.897] [sharedprocess] [info] Scanned user extensions: 1
[2019-03-13 17:26:58.915] [sharedprocess] [info] Scanned user extensions: 1
[2019-03-13 17:31:58.933] [sharedprocess] [info] Scanned user extensions: 1
[2019-03-13 19:19:34.534] [sharedprocess] [info] Scanned user extensions: 1
[2019-03-13 19:24:34.603] [sharedprocess] [info] Scanned user extensions: 1
[2019-03-13 19:29:34.715] [sharedprocess] [info] Scanned user extensions: 1
[2019-03-13 19:34:34.732] [sharedprocess] [info] Scanned user extensions: 1
[2019-03-13 19:39:34.750] [sharedprocess] [info] Scanned user extensions: 1
[2019-03-13 19:44:34.769] [sharedprocess] [info] Scanned user extensions: 1
[2019-03-13 19:49:34.791] [sharedprocess] [info] Scanned user extensions: 1
[2019-03-13 19:54:35.430] [sharedprocess] [info] Scanned user extensions: 1
[2019-03-13 19:59:35.449] [sharedprocess] [info] Scanned user extensions: 1
[2019-03-13 20:04:35.468] [sharedprocess] [info] Scanned user extensions: 1
[2019-03-13 20:09:07.151] [sharedprocess] [info] Scanned user extensions: 1
[2019-03-13 20:09:07.151] [sharedprocess] [info] Scanned user extensions: 1
[2019-03-13 20:09:07.151] [sharedprocess] [info] Scanned user extensions: 1
[2019-03-13 20:09:07.298] [sharedprocess] [info] Scanned user extensions: 1
[2019-03-13 20:09:09.029] [sharedprocess] [info] Scanned system extensions: 71
[2019-03-13 20:09:09.043] [sharedprocess] [info] Scanned system extensions: 71
[2019-03-13 20:09:09.055] [sharedprocess] [info] Scanned system extensions: 71
[2019-03-13 20:09:47.371] [sharedprocess] [info] Installing extension: esbenp.prettier-vscode
[2019-03-13 20:09:47.406] [sharedprocess] [info] Scanned user extensions: 1
[2019-03-13 20:09:54.658] [sharedprocess] [info] Downloaded extension: esbenp.prettier-vscode /tmp/9f7e3dd2-7c35-4f9d-b009-63f7ccf95496
[2019-03-13 20:10:13.073] [sharedprocess] [info] Extracted extension to /home/shank/.vscode/extensions/.esbenp.prettier-vscode-1.8.1: esbenp.prettier-vscode
[2019-03-13 20:10:13.073] [sharedprocess] [info] Renamed to /home/shank/.vscode/extensions/esbenp.prettier-vscode-1.8.1
[2019-03-13 20:10:13.075] [sharedprocess] [info] Installation completed. esbenp.prettier-vscode
[2019-03-13 20:10:13.780] [sharedprocess] [info] Extensions installed successfully: esbenp.prettier-vscode
[2019-03-13 20:10:43.254] [sharedprocess] [info] Scanned user extensions: 2
[2019-03-13 20:15:43.275] [sharedprocess] [info] Scanned user extensions: 2
[2019-03-13 20:20:44.097] [sharedprocess] [info] Scanned user extensions: 2
[2019-03-13 20:25:44.111] [sharedprocess] [info] Scanned user extensions: 2
[2019-03-13 20:30:44.124] [sharedprocess] [info] Scanned user extensions: 2
[2019-03-13 20:35:44.131] [sharedprocess] [info] Scanned user extensions: 2
[2019-03-13 20:40:44.152] [sharedprocess] [info] Scanned user extensions: 2
[2019-03-13 20:45:44.164] [sharedprocess] [info] Scanned user extensions: 2
[2019-03-13 20:50:44.218] [sharedprocess] [info] Scanned user extensions: 2
[2019-03-13 20:55:44.276] [sharedprocess] [info] Scanned user extensions: 2
[2019-03-13 21:00:44.295] [sharedprocess] [info] Scanned user extensions: 2
[2019-03-13 21:05:44.315] [sharedprocess] [info] Scanned user extensions: 2
[2019-03-13 21:10:44.335] [sharedprocess] [info] Scanned user extensions: 2
[2019-03-13 21:15:44.342] [sharedprocess] [info] Scanned user extensions: 2
[2019-03-13 21:20:49.269] [sharedprocess] [info] Scanned user extensions: 2
[2019-03-13 21:25:49.290] [sharedprocess] [info] Scanned user extensions: 2
[2019-03-13 21:30:49.302] [sharedprocess] [info] Scanned user extensions: 2
[2019-03-13 21:35:49.312] [sharedprocess] [info] Scanned user extensions: 2
[2019-03-13 21:40:49.344] [sharedprocess] [info] Scanned user extensions: 2
[2019-03-13 21:45:49.359] [sharedprocess] [info] Scanned user extensions: 2
[2019-03-13 21:50:49.376] [sharedprocess] [info] Scanned user extensions: 2
[2019-03-13 21:55:49.401] [sharedprocess] [info] Scanned user extensions: 2
[2019-03-13 22:00:49.422] [sharedprocess] [info] Scanned user extensions: 2
[2019-03-13 22:05:49.434] [sharedprocess] [info] Scanned user extensions: 2
[2019-03-13 22:10:49.454] [sharedprocess] [info] Scanned user extensions: 2
[2019-03-13 22:15:49.477] [sharedprocess] [info] Scanned user extensions: 2
[2019-03-13 22:20:49.738] [sharedprocess] [info] Scanned user extensions: 2
[2019-03-13 22:25:49.764] [sharedprocess] [info] Scanned user extensions: 2
[2019-03-13 22:30:49.786] [sharedprocess] [info] Scanned user extensions: 2
[2019-03-13 22:35:49.806] [sharedprocess] [info] Scanned user extensions: 2
[2019-03-13 22:40:49.826] [sharedprocess] [info] Scanned user extensions: 2
[2019-03-13 22:45:49.847] [sharedprocess] [info] Scanned user extensions: 2
[2019-03-13 22:50:49.866] [sharedprocess] [info] Scanned user extensions: 2
[2019-03-13 22:55:49.922] [sharedprocess] [info] Scanned user extensions: 2
[2019-03-13 23:00:49.934] [sharedprocess] [info] Scanned user extensions: 2
[2019-03-13 23:05:49.951] [sharedprocess] [info] Scanned user extensions: 2
[2019-03-13 23:10:49.970] [sharedprocess] [info] Scanned user extensions: 2
[2019-03-13 23:15:49.981] [sharedprocess] [info] Scanned user extensions: 2
[2019-03-13 23:20:50.348] [sharedprocess] [info] Scanned user extensions: 2
[2019-03-13 23:25:50.359] [sharedprocess] [info] Scanned user extensions: 2
[2019-03-13 23:30:50.378] [sharedprocess] [info] Scanned user extensions: 2
[2019-03-13 23:35:50.398] [sharedprocess] [info] Scanned user extensions: 2
[2019-03-13 23:40:50.410] [sharedprocess] [info] Scanned user extensions: 2
[2019-03-13 23:45:50.427] [sharedprocess] [info] Scanned user extensions: 2
[2019-03-13 23:50:50.446] [sharedprocess] [info] Scanned user extensions: 2
[2019-03-13 23:55:50.473] [sharedprocess] [info] Scanned user extensions: 2
[2019-03-14 00:00:50.499] [sharedprocess] [info] Scanned user extensions: 2
[2019-03-14 00:05:50.669] [sharedprocess] [info] Scanned user extensions: 2
[2019-03-14 00:10:50.982] [sharedprocess] [info] Scanned user extensions: 2
[2019-03-14 00:15:51.006] [sharedprocess] [info] Scanned user extensions: 2
[2019-03-14 00:20:52.097] [sharedprocess] [info] Scanned user extensions: 2
[2019-03-14 00:25:52.118] [sharedprocess] [info] Scanned user extensions: 2
[2019-03-14 00:30:53.067] [sharedprocess] [info] Scanned user extensions: 2
[2019-03-14 00:35:45.244] [sharedprocess] [info] Scanned user extensions: 2
[2019-03-14 00:35:53.100] [sharedprocess] [info] Scanned user extensions: 2
[2019-03-14 00:40:54.295] [sharedprocess] [info] Scanned user extensions: 2
[2019-03-14 00:45:54.622] [sharedprocess] [info] Scanned user extensions: 2
[2019-03-14 00:50:54.644] [sharedprocess] [info] Scanned user extensions: 2
[2019-03-14 00:55:54.661] [sharedprocess] [info] Scanned user extensions: 2
[2019-03-14 01:00:54.683] [sharedprocess] [info] Scanned user extensions: 2
[2019-03-14 01:05:54.795] [sharedprocess] [info] Scanned user extensions: 2
[2019-03-14 01:10:54.814] [sharedprocess] [info] Scanned user extensions: 2
[2019-03-14 01:15:54.855] [sharedprocess] [info] Scanned user extensions: 2
[2019-03-14 01:20:58.122] [sharedprocess] [info] Scanned user extensions: 2
[2019-03-14 01:25:58.144] [sharedprocess] [info] Scanned user extensions: 2
[2019-03-14 01:30:58.190] [sharedprocess] [info] Scanned user extensions: 2
[2019-03-14 01:35:58.310] [sharedprocess] [info] Scanned user extensions: 2
