[2019-03-15 00:37:38.861] [renderer1] [error] Inotify limit reached (ENOSPC)
[2019-03-15 00:37:42.021] [renderer1] [info] no standard startup: not running latest version
[2019-03-16 02:55:26.598] [renderer1] [error] TypeScript Server Error (3.3.1)
Error processing request. Debug Failure. Did not expect JsxSelfClosingElement to have an Identifier in its trivia
Error: Debug Failure. Did not expect JsxSelfClosingElement to have an Identifier in its trivia
    at addSyntheticNodes (tsserver.js:117495:30)
    at createChildren (tsserver.js:117484:9)
    at NodeObject.getChildren (tsserver.js:117428:56)
    at findRightmostToken (tsserver.js:94006:26)
    at find (tsserver.js:93981:47)
    at find (tsserver.js:93985:32)
    at find (tsserver.js:93985:32)
    at find (tsserver.js:93985:32)
    at find (tsserver.js:93985:32)
    at find (tsserver.js:93985:32)
    at find (tsserver.js:93985:32)
    at find (tsserver.js:93985:32)
    at find (tsserver.js:93985:32)
    at find (tsserver.js:93985:32)
    at find (tsserver.js:93985:32)
    at find (tsserver.js:93985:32)
    at find (tsserver.js:93985:32)
    at find (tsserver.js:93985:32)
    at find (tsserver.js:93985:32)
    at find (tsserver.js:93985:32)
    at find (tsserver.js:93985:32)
    at Object.findPrecedingToken (tsserver.js:93958:22)
    at Object.getCompletionsAtPosition (tsserver.js:96668:35)
    at Object.getCompletionsAtPosition (tsserver.js:118482:35)
    at IOSession.Session.getCompletions (tsserver.js:126616:64)
    at Session.handlers.ts.createMapFromTemplate._a.(anonymous function) (tsserver.js:125619:61)
    at tsserver.js:127107:88
    at IOSession.Session.executeWithRequestId (tsserver.js:127098:28)
    at IOSession.Session.executeCommand (tsserver.js:127107:33)
    at IOSession.Session.onMessage (tsserver.js:127129:35)
    at Interface.<anonymous> (tsserver.js:128390:27)
    at Interface.emit (events.js:182:13)
    at Interface._onLine (readline.js:290:10)
    at Interface._normalWrite (readline.js:433:12)
    at Socket.ondata (readline.js:149:10)
    at Socket.emit (events.js:182:13)
    at addChunk (_stream_readable.js:279:12)
    at readableAddChunk (_stream_readable.js:264:11)
    at Socket.Readable.push (_stream_readable.js:219:10)
    at Pipe.onread (net.js:636:20): Error: TypeScript Server Error (3.3.1)
Error processing request. Debug Failure. Did not expect JsxSelfClosingElement to have an Identifier in its trivia
Error: Debug Failure. Did not expect JsxSelfClosingElement to have an Identifier in its trivia
    at addSyntheticNodes (tsserver.js:117495:30)
    at createChildren (tsserver.js:117484:9)
    at NodeObject.getChildren (tsserver.js:117428:56)
    at findRightmostToken (tsserver.js:94006:26)
    at find (tsserver.js:93981:47)
    at find (tsserver.js:93985:32)
    at find (tsserver.js:93985:32)
    at find (tsserver.js:93985:32)
    at find (tsserver.js:93985:32)
    at find (tsserver.js:93985:32)
    at find (tsserver.js:93985:32)
    at find (tsserver.js:93985:32)
    at find (tsserver.js:93985:32)
    at find (tsserver.js:93985:32)
    at find (tsserver.js:93985:32)
    at find (tsserver.js:93985:32)
    at find (tsserver.js:93985:32)
    at find (tsserver.js:93985:32)
    at find (tsserver.js:93985:32)
    at find (tsserver.js:93985:32)
    at find (tsserver.js:93985:32)
    at Object.findPrecedingToken (tsserver.js:93958:22)
    at Object.getCompletionsAtPosition (tsserver.js:96668:35)
    at Object.getCompletionsAtPosition (tsserver.js:118482:35)
    at IOSession.Session.getCompletions (tsserver.js:126616:64)
    at Session.handlers.ts.createMapFromTemplate._a.(anonymous function) (tsserver.js:125619:61)
    at tsserver.js:127107:88
    at IOSession.Session.executeWithRequestId (tsserver.js:127098:28)
    at IOSession.Session.executeCommand (tsserver.js:127107:33)
    at IOSession.Session.onMessage (tsserver.js:127129:35)
    at Interface.<anonymous> (tsserver.js:128390:27)
    at Interface.emit (events.js:182:13)
    at Interface._onLine (readline.js:290:10)
    at Interface._normalWrite (readline.js:433:12)
    at Socket.ondata (readline.js:149:10)
    at Socket.emit (events.js:182:13)
    at addChunk (_stream_readable.js:279:12)
    at readableAddChunk (_stream_readable.js:264:11)
    at Socket.Readable.push (_stream_readable.js:219:10)
    at Pipe.onread (net.js:636:20)
	at v.dispatchResponse (/usr/share/code/resources/app/extensions/typescript-language-features/dist/extension.js:1:178103)
	at v.dispatchMessage (/usr/share/code/resources/app/extensions/typescript-language-features/dist/extension.js:1:176857)
	at constructor._reader.onData.e (/usr/share/code/resources/app/extensions/typescript-language-features/dist/extension.js:1:176213)
	at e.fire (/usr/share/code/resources/app/out/vs/workbench/services/extensions/node/extensionHostProcess.js:44:113)
	at t.Reader.onLengthData (/usr/share/code/resources/app/extensions/typescript-language-features/dist/extension.js:1:182286)
	at Socket.t.Reader.constructor.e.on.e (/usr/share/code/resources/app/extensions/typescript-language-features/dist/extension.js:1:181934)
	at Socket.emit (events.js:182:13)
	at addChunk (_stream_readable.js:279:12)
	at readableAddChunk (_stream_readable.js:264:11)
	at Socket.Readable.push (_stream_readable.js:219:10)
	at Pipe.onread (net.js:636:20)
